#
# There is insufficient memory for the Java Runtime Environment to continue.
# Native memory allocation (mmap) failed to map 132120576 bytes for Failed to commit area from 0x0000000082400000 to 0x000000008a200000 of length 132120576.
# Possible reasons:
#   The system is out of physical RAM or swap space
#   The process is running with CompressedOops enabled, and the Java Heap may be blocking the growth of the native heap
# Possible solutions:
#   Reduce memory load on the system
#   Increase physical memory or swap space
#   Check if swap backing store is full
#   Decrease Java heap size (-Xmx/-Xms)
#   Decrease number of Java threads
#   Decrease Java thread stack sizes (-Xss)
#   Set larger code cache with -XX:ReservedCodeCacheSize=
# This output file may be truncated or incomplete.
#
#  Out of Memory Error (t:/workspace/open/src/hotspot/os/windows/os_windows.cpp:3264), pid=5728, tid=26952
#
# JRE version:  (12.0.2+10) (build )
# Java VM: Java HotSpot(TM) 64-Bit Server VM (12.0.2+10, mixed mode, aot, sharing, tiered, compressed oops, g1 gc, windows-amd64)
# No core dump will be written. Minidumps are not enabled by default on client versions of Windows
#

---------------  S U M M A R Y ------------

Command Line: -Dfile.encoding=Cp1252 Module1.DropDown

Host: Intel(R) Core(TM) i5-8265U CPU @ 1.60GHz, 8 cores, 7G,  Windows 10 , 64 bit Build 22621 (10.0.22621.2215)
Time: Tue Oct  3 09:45:37 2023 India Standard Time elapsed time: 0 seconds (0d 0h 0m 0s)

---------------  T H R E A D  ---------------

Current thread (0x000002b005c50000):  JavaThread "Unknown thread" [_thread_in_vm, id=26952, stack(0x000000d021600000,0x000000d021700000)]

Stack: [0x000000d021600000,0x000000d021700000]
Native frames: (J=compiled Java code, j=interpreted, Vv=VM code, C=native code)
V  [jvm.dll+0x63aa2a]
V  [jvm.dll+0x78ce1e]
V  [jvm.dll+0x78e4c1]
V  [jvm.dll+0x78eb13]
V  [jvm.dll+0x2627e8]
V  [jvm.dll+0x637f5a]
V  [jvm.dll+0x62c845]
V  [jvm.dll+0x31e49c]
V  [jvm.dll+0x31e2cf]
V  [jvm.dll+0x324006]
V  [jvm.dll+0x371f56]
V  [jvm.dll+0x371720]
V  [jvm.dll+0x2f845a]
V  [jvm.dll+0x2f96d2]
V  [jvm.dll+0x767267]
V  [jvm.dll+0x7689f5]
V  [jvm.dll+0x380059]
V  [jvm.dll+0x74b794]
V  [jvm.dll+0x3ef5cd]
V  [jvm.dll+0x3f1471]
C  [jli.dll+0x51cf]
C  [ucrtbase.dll+0x29363]
C  [KERNEL32.DLL+0x1257d]
C  [ntdll.dll+0x5aa68]


---------------  P R O C E S S  ---------------

Threads class SMR info:
_java_thread_list=0x00007ff9fb907928, length=0, elements={
}

Java Threads: ( => current thread )

Other Threads:
  0x000002b005c8e000 GCTaskThread "GC Thread#0" [stack: 0x000000d021700000,0x000000d021800000] [id=8864]
  0x000002b005c9b800 ConcurrentGCThread "G1 Main Marker" [stack: 0x000000d021800000,0x000000d021900000] [id=2428]
  0x000002b005c9e000 ConcurrentGCThread "G1 Conc#0" [stack: 0x000000d021900000,0x000000d021a00000] [id=15060]

[error occurred during error reporting (printing all threads), id 0xc0000005, EXCEPTION_ACCESS_VIOLATION (0xc0000005) at pc=0x00007ff9fb1385e7]

VM state:not at safepoint (not fully initialized)

VM Mutex/Monitor currently owned by a thread:  ([mutex/lock_event])
[0x000002b005c4b2a0] Heap_lock - owner thread: 0x000002b005c50000

Heap address: 0x0000000082400000, size: 2012 MB, Compressed Oops mode: Non-zero based: 0x0000000082400000
Narrow klass base: 0x0000000000000000, Narrow klass shift: 0

GC Heap History (0 events):
No events

Deoptimization events (0 events):
No events

Classes redefined (0 events):
No events

Internal exceptions (0 events):
No events

Events (0 events):
No events


Dynamic libraries:
0x00007ff7e60c0000 - 0x00007ff7e60cf000 	C:\Program Files\Java\jdk-12.0.2\bin\javaw.exe
0x00007ffa50b30000 - 0x00007ffa50d44000 	C:\WINDOWS\SYSTEM32\ntdll.dll
0x00007ffa4f4c0000 - 0x00007ffa4f584000 	C:\WINDOWS\System32\KERNEL32.DLL
0x00007ffa4dfb0000 - 0x00007ffa4e354000 	C:\WINDOWS\System32\KERNELBASE.dll
0x00007ffa4e4d0000 - 0x00007ffa4e5e1000 	C:\WINDOWS\System32\ucrtbase.dll
0x00007ffa41da0000 - 0x00007ffa41db8000 	C:\Program Files\Java\jdk-12.0.2\bin\jli.dll
0x00007ffa41480000 - 0x00007ffa41496000 	C:\Program Files\Java\jdk-12.0.2\bin\VCRUNTIME140.dll
0x00007ffa50870000 - 0x00007ffa50920000 	C:\WINDOWS\System32\ADVAPI32.dll
0x00007ffa4ea10000 - 0x00007ffa4eab7000 	C:\WINDOWS\System32\msvcrt.dll
0x00007ffa4f370000 - 0x00007ffa4f416000 	C:\WINDOWS\System32\sechost.dll
0x00007ffa50920000 - 0x00007ffa50a37000 	C:\WINDOWS\System32\RPCRT4.dll
0x00007ffa506c0000 - 0x00007ffa5086e000 	C:\WINDOWS\System32\USER32.dll
0x00007ffa4df80000 - 0x00007ffa4dfa6000 	C:\WINDOWS\System32\win32u.dll
0x00007ffa37b50000 - 0x00007ffa37de3000 	C:\WINDOWS\WinSxS\amd64_microsoft.windows.common-controls_6595b64144ccf1df_6.0.22621.2215_none_270d72677387dfc3\COMCTL32.dll
0x00007ffa4f590000 - 0x00007ffa4f5b9000 	C:\WINDOWS\System32\GDI32.dll
0x00007ffa4e7a0000 - 0x00007ffa4e8b8000 	C:\WINDOWS\System32\gdi32full.dll
0x00007ffa4dee0000 - 0x00007ffa4df7a000 	C:\WINDOWS\System32\msvcp_win.dll
0x00007ffa46d60000 - 0x00007ffa46d6a000 	C:\WINDOWS\SYSTEM32\VERSION.dll
0x00007ffa4fda0000 - 0x00007ffa4fdd1000 	C:\WINDOWS\System32\IMM32.DLL
0x00007ffa3db80000 - 0x00007ffa3dc2a000 	C:\Program Files\Java\jdk-12.0.2\bin\msvcp140.dll
0x00007ff9fae30000 - 0x00007ff9fb9a7000 	C:\Program Files\Java\jdk-12.0.2\bin\server\jvm.dll
0x00007ffa50ac0000 - 0x00007ffa50ac8000 	C:\WINDOWS\System32\PSAPI.DLL
0x00007ffa46550000 - 0x00007ffa46584000 	C:\WINDOWS\SYSTEM32\WINMM.dll
0x00007ffa2bbb0000 - 0x00007ffa2bbb9000 	C:\WINDOWS\SYSTEM32\WSOCK32.dll
0x00007ffa4f1f0000 - 0x00007ffa4f261000 	C:\WINDOWS\System32\WS2_32.dll
0x00007ffa4cee0000 - 0x00007ffa4cef8000 	C:\WINDOWS\SYSTEM32\kernel.appcore.dll
0x00007ffa413c0000 - 0x00007ffa413d1000 	C:\Program Files\Java\jdk-12.0.2\bin\verify.dll
0x00007ffa4b600000 - 0x00007ffa4b82e000 	C:\WINDOWS\SYSTEM32\DBGHELP.DLL
0x00007ffa4f760000 - 0x00007ffa4faea000 	C:\WINDOWS\System32\combase.dll
0x00007ffa4fb00000 - 0x00007ffa4fbd7000 	C:\WINDOWS\System32\OLEAUT32.dll
0x00007ffa2e980000 - 0x00007ffa2e9b2000 	C:\WINDOWS\SYSTEM32\dbgcore.DLL
0x00007ffa4e720000 - 0x00007ffa4e79a000 	C:\WINDOWS\System32\bcryptPrimitives.dll
0x00007ffa412f0000 - 0x00007ffa41316000 	C:\Program Files\Java\jdk-12.0.2\bin\java.dll
0x00007ffa413a0000 - 0x00007ffa413b7000 	C:\Program Files\Java\jdk-12.0.2\bin\zip.dll
0x00007ffa49100000 - 0x00007ffa4910a000 	C:\Program Files\Java\jdk-12.0.2\bin\jimage.dll

dbghelp: loaded successfully - version: 4.0.5 - missing functions: none
symbol engine: initialized successfully - sym options: 0x614 - pdb path: .;C:\Program Files\Java\jdk-12.0.2\bin;C:\WINDOWS\SYSTEM32;C:\WINDOWS\WinSxS\amd64_microsoft.windows.common-controls_6595b64144ccf1df_6.0.22621.2215_none_270d72677387dfc3;C:\Program Files\Java\jdk-12.0.2\bin\server

VM Arguments:
jvm_args: -Dfile.encoding=Cp1252 
java_command: Module1.DropDown
java_class_path (initial): D:\Shreya_code\Eclipse_workspace\NewDemo123\target\test-classes;D:\Shreya_code\Eclipse_workspace\NewDemo123\target\classes;C:\Users\tanma\.m2\repository\org\seleniumhq\selenium\selenium-java\4.12.1\selenium-java-4.12.1.jar;C:\Users\tanma\.m2\repository\org\seleniumhq\selenium\selenium-api\4.12.1\selenium-api-4.12.1.jar;C:\Users\tanma\.m2\repository\org\seleniumhq\selenium\selenium-chrome-driver\4.12.1\selenium-chrome-driver-4.12.1.jar;C:\Users\tanma\.m2\repository\com\google\auto\service\auto-service-annotations\1.1.1\auto-service-annotations-1.1.1.jar;C:\Users\tanma\.m2\repository\com\google\guava\guava\32.1.2-jre\guava-32.1.2-jre.jar;C:\Users\tanma\.m2\repository\com\google\guava\failureaccess\1.0.1\failureaccess-1.0.1.jar;C:\Users\tanma\.m2\repository\com\google\guava\listenablefuture\9999.0-empty-to-avoid-conflict-with-guava\listenablefuture-9999.0-empty-to-avoid-conflict-with-guava.jar;C:\Users\tanma\.m2\repository\com\google\code\findbugs\jsr305\3.0.2\jsr305-3.0.2.jar;C:\Users\tanma\.m2\repository\org\checkerframework\checker-qual\3.33.0\checker-qual-3.33.0.jar;C:\Users\tanma\.m2\repository\com\google\errorprone\error_prone_annotations\2.18.0\error_prone_annotations-2.18.0.jar;C:\Users\tanma\.m2\repository\com\google\j2objc\j2objc-annotations\2.8\j2objc-annotations-2.8.jar;C:\Users\tanma\.m2\repository\org\seleniumhq\selenium\selenium-chromium-driver\4.12.1\selenium-chromium-driver-4.12.1.jar;C:\Users\tanma\.m2\repository\org\seleniumhq\selenium\selenium-json\4.12.1\selenium-json-4.12.1.jar;C:\Users\tanma\.m2\repository\org\seleniumhq\selenium\selenium-manager\4.12.1\selenium-manager-4.12.1.jar;C:\Users\tanma\.m2\repository\org\seleniumhq\selenium\selenium-devtools-v114\4.12.1\selenium-devtools-v114-4.12.1.jar;C:\Users\tanma\.m2\repository\org\seleniumhq\selenium\selenium-devtools-v115\4.12.1\selenium-devtools-v115-4.12.1.jar;C:\Users\tanma\.m2\repository\org\seleniumhq\selenium\selenium-devtools-v116\4.12.1\selenium-devtools-v116-
Launcher Type: SUN_STANDARD

[Global flags]
     intx CICompilerCount                          = 4                                         {product} {ergonomic}
     uint ConcGCThreads                            = 2                                         {product} {ergonomic}
     uint G1ConcRefinementThreads                  = 8                                         {product} {ergonomic}
   size_t G1HeapRegionSize                         = 1048576                                   {product} {ergonomic}
    uintx GCDrainStackTargetSize                   = 64                                        {product} {ergonomic}
   size_t InitialHeapSize                          = 132120576                                 {product} {ergonomic}
   size_t MarkStackSize                            = 4194304                                   {product} {ergonomic}
   size_t MaxHeapSize                              = 2109734912                                {product} {ergonomic}
   size_t MinHeapDeltaBytes                        = 1048576                                   {product} {ergonomic}
    uintx NonNMethodCodeHeapSize                   = 5836300                                {pd product} {ergonomic}
    uintx NonProfiledCodeHeapSize                  = 122910970                              {pd product} {ergonomic}
    uintx ProfiledCodeHeapSize                     = 122910970                              {pd product} {ergonomic}
    uintx ReservedCodeCacheSize                    = 251658240                              {pd product} {ergonomic}
     bool SegmentedCodeCache                       = true                                      {product} {ergonomic}
     bool UseCompressedClassPointers               = true                                 {lp64_product} {ergonomic}
     bool UseCompressedOops                        = true                                 {lp64_product} {ergonomic}
     bool UseG1GC                                  = true                                      {product} {ergonomic}
     bool UseLargePagesIndividualAllocation        = false                                  {pd product} {ergonomic}

Logging:
Log output configuration:
 #0: stdout all=warning uptime,level,tags
 #1: stderr all=off uptime,level,tags

Environment Variables:
JAVA_HOME=C:\Program Files\Java\jdk-12.0.2
PATH=C:\Program Files\Common Files\Oracle\Java\javapath;C:\Windows\system32;C:\Windows;C:\Windows\System32\Wbem;C:\Windows\System32\WindowsPowerShell\v1.0\;C:\Windows\System32\OpenSSH\;C:\Program Files (x86)\NVIDIA Corporation\PhysX\Common;C:\Program Files\Intel\WiFi\bin\;C:\Program Files\Common Files\Intel\WirelessCommon\;C:\Program Files\Java\jdk-12.0.2\bin;C:\Program Files (x86)\Brackets\command;C:\Program Files\Git\cmd;C:\Program Files\Microsoft VS Code\bin;C:\Users\tanma\AppData\Local\Programs\Python\Python37-32;C:\Users\tanma\Anaconda3;C:\Program Files\nodejs\;C:\WINDOWS\system32;C:\WINDOWS;C:\WINDOWS\System32\Wbem;C:\WINDOWS\System32\WindowsPowerShell\v1.0\;C:\WINDOWS\System32\OpenSSH\;C:\Program Files\Microsoft SQL Server\Client SDK\ODBC\170\Tools\Binn\;C:\Program Files (x86)\Microsoft SQL Server\150\Tools\Binn\;C:\Program Files\Microsoft SQL Server\150\Tools\Binn\;C:\Program Files\Microsoft SQL Server\150\DTS\Binn\;C:\Program Files\MySQL\MySQL Shell 8.0\bin\;C:\Users\tanma\AppData\Local\Microsoft\WindowsApps;C:\Program Files\heroku\bin;C:\Users\tanma\AppData\Roaming\npm;C:\Users\tanma\AppData\Local\Programs\Python\Python37-32;C:\Users\tanma\AppData\Local\Programs\Python\Python37-32\Scripts;C:\Users\tanma\Anaconda3;C:\Users\tanma\Anaconda3\Scripts;C:\Users\tanma\AppData\Local\Android\Sdk;C:\Users\tanma\AppData\Local\Android\Sdk\platform-tools;C:\Program Files\JetBrains\IntelliJ IDEA 2023.1.3\bin;;C:\Users\tanma\AppData\Local\Microsoft\WindowsApps;C:\MinGW\bin;C:\Program Files\Java\jdk-15.0.1\bin;
USERNAME=tanma
OS=Windows_NT
PROCESSOR_IDENTIFIER=Intel64 Family 6 Model 142 Stepping 12, GenuineIntel



---------------  S Y S T E M  ---------------

OS: Windows 10 , 64 bit Build 22621 (10.0.22621.2215)

CPU:total 8 (initial active 8) (4 cores per cpu, 2 threads per core) family 6 model 142 stepping 12, cmov, cx8, fxsr, mmx, sse, sse2, sse3, ssse3, sse4.1, sse4.2, popcnt, avx, avx2, aes, clmul, erms, 3dnowpref, lzcnt, ht, tsc, tscinvbit, bmi1, bmi2, adx, fma

Memory: 4k page, system-wide physical 8043M (213M free)
TotalPageFile size 32619M (AvailPageFile size 21M)
current process WorkingSet (physical memory assigned to process): 10M, peak: 10M
current process commit charge ("private bytes"): 60M, peak: 186M

vm_info: Java HotSpot(TM) 64-Bit Server VM (12.0.2+10) for windows-amd64 JRE (12.0.2+10), built on Jul 16 2019 01:56:17 by "mach5one" with MS VC++ 15.5 (VS2017)

END.
